<?xml version="1.0" encoding="UTF-8"?>
<testsuites name="jest tests" tests="4" failures="0" errors="0" time="3.155">
  <testsuite name="app/actions/remote/post.ik.test.ts" errors="0" failures="0" skipped="0" timestamp="2026-05-04T07:27:59" time="2.934" tests="4">
    <testcase classname="IK: Search in public channels without membership" name="fetchMissingChannelsFromPosts - handles 404 on getMyChannelMember gracefully" time="0.034">
    </testcase>
    <testcase classname="IK: Search in public channels without membership" name="fetchMissingChannelsFromPosts - rethrows non-404 errors" time="0.001">
    </testcase>
    <testcase classname="IK: Search in public channels without membership" name="fetchMissingChannelsFromPosts - handles mixed membership results" time="0.002">
    </testcase>
    <testcase classname="IK: Search in public channels without membership" name="fetchMissingChannelsFromPosts - handles multiple 404s" time="0.002">
    </testcase>
  </testsuite>
</testsuites>